<?xml version="1.0" encoding="UTF-8"?>
<coverage generated="1776484952039" clover="3.2.0">
  <project timestamp="1776484952039" name="All files">
    <metrics statements="56" coveredstatements="47" conditionals="16" coveredconditionals="11" methods="8" coveredmethods="6" elements="80" coveredelements="64" complexity="0" loc="56" ncloc="56" packages="1" files="2" classes="2"/>
    <file name="index.ts" path="/Users/doughnut/GitHub/innovate/innovate/bindings/typescript/src/index.ts">
      <metrics statements="1" coveredstatements="0" conditionals="1" coveredconditionals="0" methods="1" coveredmethods="0"/>
      <line num="1" count="0" type="cond" truecount="0" falsecount="1"/>
    </file>
    <file name="kernel.ts" path="/Users/doughnut/GitHub/innovate/innovate/bindings/typescript/src/kernel.ts">
      <metrics statements="55" coveredstatements="47" conditionals="15" coveredconditionals="11" methods="7" coveredmethods="6"/>
      <line num="1" count="1" type="stmt"/>
      <line num="2" count="1" type="stmt"/>
      <line num="3" count="1" type="stmt"/>
      <line num="5" count="1" type="stmt"/>
      <line num="31" count="8" type="cond" truecount="1" falsecount="0"/>
      <line num="32" count="8" type="stmt"/>
      <line num="33" count="8" type="cond" truecount="1" falsecount="0"/>
      <line num="34" count="2" type="stmt"/>
      <line num="36" count="8" type="stmt"/>
      <line num="38" count="1" type="cond" truecount="1" falsecount="0"/>
      <line num="39" count="2" type="stmt"/>
      <line num="40" count="2" type="cond" truecount="1" falsecount="0"/>
      <line num="41" count="8" type="cond" truecount="1" falsecount="0"/>
      <line num="42" count="2" type="stmt"/>
      <line num="43" count="2" type="cond" truecount="1" falsecount="0"/>
      <line num="45" count="6" type="stmt"/>
      <line num="46" count="8" type="cond" truecount="0" falsecount="1"/>
      <line num="47" count="0" type="stmt"/>
      <line num="48" count="0" type="cond" truecount="1" falsecount="0"/>
      <line num="50" count="6" type="stmt"/>
      <line num="51" count="6" type="stmt"/>
      <line num="52" count="2" type="stmt"/>
      <line num="54" count="1" type="cond" truecount="1" falsecount="0"/>
      <line num="55" count="2" type="stmt"/>
      <line num="56" count="2" type="stmt"/>
      <line num="58" count="1" type="cond" truecount="1" falsecount="0"/>
      <line num="59" count="1" type="stmt"/>
      <line num="60" count="1" type="stmt"/>
      <line num="62" count="1" type="stmt"/>
      <line num="63" count="0" type="stmt"/>
      <line num="64" count="0" type="stmt"/>
      <line num="66" count="1" type="cond" truecount="1" falsecount="0"/>
      <line num="67" count="1" type="stmt"/>
      <line num="68" count="1" type="stmt"/>
      <line num="70" count="1" type="cond" truecount="1" falsecount="0"/>
      <line num="71" count="1" type="stmt"/>
      <line num="72" count="1" type="stmt"/>
      <line num="73" count="1" type="stmt"/>
      <line num="74" count="1" type="stmt"/>
      <line num="75" count="1" type="stmt"/>
      <line num="76" count="1" type="stmt"/>
      <line num="77" count="1" type="cond" truecount="0" falsecount="1"/>
      <line num="78" count="0" type="stmt"/>
      <line num="79" count="0" type="stmt"/>
      <line num="81" count="1" type="cond" truecount="0" falsecount="2"/>
      <line num="82" count="0" type="stmt"/>
      <line num="83" count="0" type="stmt"/>
      <line num="85" count="1" type="stmt"/>
      <line num="86" count="1" type="stmt"/>
      <line num="87" count="1" type="stmt"/>
      <line num="88" count="1" type="stmt"/>
      <line num="89" count="1" type="stmt"/>
      <line num="90" count="1" type="stmt"/>
      <line num="91" count="1" type="stmt"/>
      <line num="92" count="1" type="stmt"/>
    </file>
  </project>
</coverage>
