{"/Users/doughnut/GitHub/innovate/innovate/bindings/typescript/src/index.ts": {"path":"/Users/doughnut/GitHub/innovate/innovate/bindings/typescript/src/index.ts","all":true,"statementMap":{"0":{"start":{"line":1,"column":0},"end":{"line":1,"column":8}}},"s":{"0":0},"branchMap":{"0":{"type":"branch","line":1,"loc":{"start":{"line":1,"column":296},"end":{"line":16,"column":18}},"locations":[{"start":{"line":1,"column":296},"end":{"line":16,"column":18}}]}},"b":{"0":[0]},"fnMap":{"0":{"name":"(empty-report)","decl":{"start":{"line":1,"column":296},"end":{"line":16,"column":18}},"loc":{"start":{"line":1,"column":296},"end":{"line":16,"column":18}},"line":1}},"f":{"0":0}}
,"/Users/doughnut/GitHub/innovate/innovate/bindings/typescript/src/kernel.ts": {"path":"/Users/doughnut/GitHub/innovate/innovate/bindings/typescript/src/kernel.ts","all":false,"statementMap":{"0":{"start":{"line":1,"column":0},"end":{"line":1,"column":37}},"1":{"start":{"line":2,"column":0},"end":{"line":2,"column":51}},"2":{"start":{"line":3,"column":0},"end":{"line":3,"column":41}},"4":{"start":{"line":5,"column":0},"end":{"line":5,"column":52}},"30":{"start":{"line":31,"column":0},"end":{"line":31,"column":52}},"31":{"start":{"line":32,"column":0},"end":{"line":32,"column":10}},"32":{"start":{"line":33,"column":0},"end":{"line":33,"column":66}},"33":{"start":{"line":34,"column":0},"end":{"line":34,"column":57}},"35":{"start":{"line":36,"column":0},"end":{"line":36,"column":1}},"37":{"start":{"line":38,"column":0},"end":{"line":38,"column":92}},"38":{"start":{"line":39,"column":0},"end":{"line":39,"column":34}},"39":{"start":{"line":40,"column":0},"end":{"line":40,"column":16}},"40":{"start":{"line":41,"column":0},"end":{"line":41,"column":33}},"41":{"start":{"line":42,"column":0},"end":{"line":42,"column":21}},"42":{"start":{"line":43,"column":0},"end":{"line":43,"column":5}},"44":{"start":{"line":45,"column":0},"end":{"line":45,"column":36}},"45":{"start":{"line":46,"column":0},"end":{"line":46,"column":29}},"46":{"start":{"line":47,"column":0},"end":{"line":47,"column":71}},"47":{"start":{"line":48,"column":0},"end":{"line":48,"column":5}},"49":{"start":{"line":50,"column":0},"end":{"line":50,"column":21}},"50":{"start":{"line":51,"column":0},"end":{"line":51,"column":3}},"51":{"start":{"line":52,"column":0},"end":{"line":52,"column":1}},"53":{"start":{"line":54,"column":0},"end":{"line":54,"column":46}},"54":{"start":{"line":55,"column":0},"end":{"line":55,"column":58}},"55":{"start":{"line":56,"column":0},"end":{"line":56,"column":1}},"57":{"start":{"line":58,"column":0},"end":{"line":58,"column":46}},"58":{"start":{"line":59,"column":0},"end":{"line":59,"column":74}},"59":{"start":{"line":60,"column":0},"end":{"line":60,"column":1}},"61":{"start":{"line":62,"column":0},"end":{"line":62,"column":47}},"62":{"start":{"line":63,"column":0},"end":{"line":63,"column":53}},"63":{"start":{"line":64,"column":0},"end":{"line":64,"column":1}},"65":{"start":{"line":66,"column":0},"end":{"line":66,"column":47}},"66":{"start":{"line":67,"column":0},"end":{"line":67,"column":31}},"67":{"start":{"line":68,"column":0},"end":{"line":68,"column":1}},"69":{"start":{"line":70,"column":0},"end":{"line":70,"column":30}},"70":{"start":{"line":71,"column":0},"end":{"line":71,"column":29}},"71":{"start":{"line":72,"column":0},"end":{"line":72,"column":33}},"72":{"start":{"line":73,"column":0},"end":{"line":73,"column":37}},"73":{"start":{"line":74,"column":0},"end":{"line":74,"column":39}},"74":{"start":{"line":75,"column":0},"end":{"line":75,"column":48}},"75":{"start":{"line":76,"column":0},"end":{"line":76,"column":18}},"76":{"start":{"line":77,"column":0},"end":{"line":77,"column":19}},"77":{"start":{"line":78,"column":0},"end":{"line":78,"column":70}},"78":{"start":{"line":79,"column":0},"end":{"line":79,"column":3}},"80":{"start":{"line":81,"column":0},"end":{"line":81,"column":53}},"81":{"start":{"line":82,"column":0},"end":{"line":82,"column":76}},"82":{"start":{"line":83,"column":0},"end":{"line":83,"column":3}},"84":{"start":{"line":85,"column":0},"end":{"line":85,"column":10}},"85":{"start":{"line":86,"column":0},"end":{"line":86,"column":34}},"86":{"start":{"line":87,"column":0},"end":{"line":87,"column":14}},"87":{"start":{"line":88,"column":0},"end":{"line":88,"column":24}},"88":{"start":{"line":89,"column":0},"end":{"line":89,"column":12}},"89":{"start":{"line":90,"column":0},"end":{"line":90,"column":13}},"90":{"start":{"line":91,"column":0},"end":{"line":91,"column":4}},"91":{"start":{"line":92,"column":0},"end":{"line":92,"column":1}}},"s":{"0":1,"1":1,"2":1,"4":1,"30":8,"31":8,"32":8,"33":2,"35":8,"37":1,"38":2,"39":2,"40":8,"41":2,"42":2,"44":6,"45":8,"46":0,"47":0,"49":6,"50":6,"51":2,"53":1,"54":2,"55":2,"57":1,"58":1,"59":1,"61":1,"62":0,"63":0,"65":1,"66":1,"67":1,"69":1,"70":1,"71":1,"72":1,"73":1,"74":1,"75":1,"76":1,"77":0,"78":0,"80":1,"81":0,"82":0,"84":1,"85":1,"86":1,"87":1,"88":1,"89":1,"90":1,"91":1},"branchMap":{"0":{"type":"branch","line":31,"loc":{"start":{"line":31,"column":0},"end":{"line":36,"column":1}},"locations":[{"start":{"line":31,"column":0},"end":{"line":36,"column":1}}]},"1":{"type":"branch","line":33,"loc":{"start":{"line":33,"column":62},"end":{"line":34,"column":57}},"locations":[{"start":{"line":33,"column":62},"end":{"line":34,"column":57}}]},"2":{"type":"branch","line":38,"loc":{"start":{"line":38,"column":7},"end":{"line":52,"column":1}},"locations":[{"start":{"line":38,"column":7},"end":{"line":52,"column":1}}]},"3":{"type":"branch","line":40,"loc":{"start":{"line":40,"column":15},"end":{"line":51,"column":3}},"locations":[{"start":{"line":40,"column":15},"end":{"line":51,"column":3}}]},"4":{"type":"branch","line":41,"loc":{"start":{"line":41,"column":32},"end":{"line":43,"column":5}},"locations":[{"start":{"line":41,"column":32},"end":{"line":43,"column":5}}]},"5":{"type":"branch","line":43,"loc":{"start":{"line":43,"column":4},"end":{"line":46,"column":28}},"locations":[{"start":{"line":43,"column":4},"end":{"line":46,"column":28}}]},"6":{"type":"branch","line":46,"loc":{"start":{"line":46,"column":28},"end":{"line":48,"column":5}},"locations":[{"start":{"line":46,"column":28},"end":{"line":48,"column":5}}]},"7":{"type":"branch","line":48,"loc":{"start":{"line":48,"column":4},"end":{"line":51,"column":3}},"locations":[{"start":{"line":48,"column":4},"end":{"line":51,"column":3}}]},"8":{"type":"branch","line":54,"loc":{"start":{"line":54,"column":7},"end":{"line":56,"column":1}},"locations":[{"start":{"line":54,"column":7},"end":{"line":56,"column":1}}]},"9":{"type":"branch","line":58,"loc":{"start":{"line":58,"column":7},"end":{"line":60,"column":1}},"locations":[{"start":{"line":58,"column":7},"end":{"line":60,"column":1}}]},"10":{"type":"branch","line":66,"loc":{"start":{"line":66,"column":7},"end":{"line":68,"column":1}},"locations":[{"start":{"line":66,"column":7},"end":{"line":68,"column":1}}]},"11":{"type":"branch","line":70,"loc":{"start":{"line":70,"column":7},"end":{"line":92,"column":1}},"locations":[{"start":{"line":70,"column":7},"end":{"line":92,"column":1}}]},"12":{"type":"branch","line":77,"loc":{"start":{"line":77,"column":18},"end":{"line":79,"column":3}},"locations":[{"start":{"line":77,"column":18},"end":{"line":79,"column":3}}]},"13":{"type":"branch","line":81,"loc":{"start":{"line":81,"column":20},"end":{"line":81,"column":52}},"locations":[{"start":{"line":81,"column":20},"end":{"line":81,"column":52}}]},"14":{"type":"branch","line":81,"loc":{"start":{"line":81,"column":52},"end":{"line":83,"column":3}},"locations":[{"start":{"line":81,"column":52},"end":{"line":83,"column":3}}]}},"b":{"0":[8],"1":[2],"2":[2],"3":[8],"4":[2],"5":[6],"6":[0],"7":[6],"8":[2],"9":[1],"10":[1],"11":[1],"12":[0],"13":[0],"14":[0]},"fnMap":{"0":{"name":"hasKernelRoot","decl":{"start":{"line":31,"column":0},"end":{"line":36,"column":1}},"loc":{"start":{"line":31,"column":0},"end":{"line":36,"column":1}},"line":31},"1":{"name":"kernelRepoRoot","decl":{"start":{"line":38,"column":7},"end":{"line":52,"column":1}},"loc":{"start":{"line":38,"column":7},"end":{"line":52,"column":1}},"line":38},"2":{"name":"kernelBindingsRoot","decl":{"start":{"line":54,"column":7},"end":{"line":56,"column":1}},"loc":{"start":{"line":54,"column":7},"end":{"line":56,"column":1}},"line":54},"3":{"name":"kernelBridgeScript","decl":{"start":{"line":58,"column":7},"end":{"line":60,"column":1}},"loc":{"start":{"line":58,"column":7},"end":{"line":60,"column":1}},"line":58},"4":{"name":"kernelPythonCommand","decl":{"start":{"line":62,"column":7},"end":{"line":64,"column":1}},"loc":{"start":{"line":62,"column":7},"end":{"line":64,"column":1}},"line":62},"5":{"name":"kernelSchemaVersion","decl":{"start":{"line":66,"column":7},"end":{"line":68,"column":1}},"loc":{"start":{"line":66,"column":7},"end":{"line":68,"column":1}},"line":66},"6":{"name":"kernelRequest","decl":{"start":{"line":70,"column":7},"end":{"line":92,"column":1}},"loc":{"start":{"line":70,"column":7},"end":{"line":92,"column":1}},"line":70}},"f":{"0":8,"1":2,"2":2,"3":1,"4":0,"5":1,"6":1}}
}
